{"timestamp": "2024-07-09 18:09:47", "level": "INFO", "message": "This is an info message", "context": {"filename": "__name__", "lineno": 0, "funcName": null, "threadName": "MainThread"}}
{"timestamp": "2024-07-09 18:09:47", "level": "ERROR", "message": "This is an error message", "context": {"filename": "__name__", "lineno": 0, "funcName": null, "threadName": "MainThread"}}
{"timestamp": "2024-07-09 18:12:47", "level": "INFO", "message": "This is an info message", "context": {"filename": "D:\\Github\\loggingstream\\loggingstream\\core\\core.py", "lineno": 230, "funcName": null, "threadName": "MainThread"}}
{"timestamp": "2024-07-09 18:12:47", "level": "ERROR", "message": "This is an error message", "context": {"filename": "D:\\Github\\loggingstream\\loggingstream\\core\\core.py", "lineno": 231, "funcName": null, "threadName": "MainThread"}}
{"timestamp": "2024-07-09 18:12:51", "level": "INFO", "message": "This is an info message", "context": {"filename": "D:\\Github\\loggingstream\\loggingstream\\core\\core.py", "lineno": 230, "funcName": null, "threadName": "MainThread"}}
{"timestamp": "2024-07-09 18:12:51", "level": "ERROR", "message": "This is an error message", "context": {"filename": "D:\\Github\\loggingstream\\loggingstream\\core\\core.py", "lineno": 231, "funcName": null, "threadName": "MainThread"}}
{"timestamp": "2024-07-09 18:12:57", "level": "INFO", "message": "This is an info message", "context": {"filename": "D:\\Github\\loggingstream\\loggingstream\\core\\core.py", "lineno": 230, "funcName": null, "threadName": "MainThread"}}
{"timestamp": "2024-07-09 18:12:57", "level": "ERROR", "message": "This is an error message", "context": {"filename": "D:\\Github\\loggingstream\\loggingstream\\core\\core.py", "lineno": 231, "funcName": null, "threadName": "MainThread"}}
{"timestamp": "2024-07-09 18:13:31", "level": "INFO", "message": "This is an info message", "context": {"filename": "__name__", "lineno": 0, "funcName": null, "threadName": "MainThread"}}
{"timestamp": "2024-07-09 18:13:31", "level": "ERROR", "message": "This is an error message", "context": {"filename": "__name__", "lineno": 0, "funcName": null, "threadName": "MainThread"}}
{"timestamp": "2024-07-09 18:13:50", "level": "INFO", "message": "This is an info message", "context": {"filename": "__name__", "lineno": 0, "funcName": null, "threadName": "MainThread"}}
{"timestamp": "2024-07-09 18:13:50", "level": "ERROR", "message": "This is an error message", "context": {"filename": "__name__", "lineno": 0, "funcName": null, "threadName": "MainThread"}}
{"timestamp": "2024-07-09 18:13:54", "level": "INFO", "message": "This is an info message", "context": {"filename": "__name__", "lineno": 0, "funcName": null, "threadName": "MainThread"}}
{"timestamp": "2024-07-09 18:13:54", "level": "ERROR", "message": "This is an error message", "context": {"filename": "__name__", "lineno": 0, "funcName": null, "threadName": "MainThread"}}
{"timestamp": "2024-07-09 18:14:04", "level": "INFO", "message": "This is an info message", "context": {"filename": "__name__", "lineno": 0, "funcName": null, "threadName": "MainThread"}}
{"timestamp": "2024-07-09 18:14:04", "level": "ERROR", "message": "This is an error message", "context": {"filename": "__name__", "lineno": 0, "funcName": null, "threadName": "MainThread"}}
{"timestamp": "2024-07-09 18:14:05", "level": "INFO", "message": "This is an info message", "context": {"filename": "__name__", "lineno": 0, "funcName": null, "threadName": "MainThread"}}
{"timestamp": "2024-07-09 18:14:05", "level": "ERROR", "message": "This is an error message", "context": {"filename": "__name__", "lineno": 0, "funcName": null, "threadName": "MainThread"}}
{"timestamp": "2024-07-09 18:14:52", "level": "INFO", "message": "This is an info message", "context": {"filename": "__name__", "lineno": 0, "funcName": null, "threadName": "MainThread"}}
{"timestamp": "2024-07-09 18:14:52", "level": "ERROR", "message": "This is an error message", "context": {"filename": "__name__", "lineno": 0, "funcName": null, "threadName": "MainThread"}}
{"timestamp": "2024-07-09 18:17:26", "level": "INFO", "message": "This is an info message", "context": {"filename": "__name__", "lineno": 0, "funcName": null, "threadName": "MainThread"}}
{"timestamp": "2024-07-09 18:17:26", "level": "ERROR", "message": "This is an error message", "context": {"filename": "__name__", "lineno": 0, "funcName": null, "threadName": "MainThread"}}
{"timestamp": "2024-07-09 18:17:33", "level": "INFO", "message": "This is an info message", "context": {"filename": "__name__", "lineno": 0, "funcName": null, "threadName": "MainThread"}}
{"timestamp": "2024-07-09 18:17:33", "level": "ERROR", "message": "This is an error message", "context": {"filename": "__name__", "lineno": 0, "funcName": null, "threadName": "MainThread"}}
{"timestamp": "2024-07-09 18:17:34", "level": "INFO", "message": "This is an info message", "context": {"filename": "__name__", "lineno": 0, "funcName": null, "threadName": "MainThread"}}
{"timestamp": "2024-07-09 18:17:34", "level": "ERROR", "message": "This is an error message", "context": {"filename": "__name__", "lineno": 0, "funcName": null, "threadName": "MainThread"}}
{"timestamp": "2024-07-09 18:19:02", "level": "INFO", "message": "This is an info message", "context": {"filename": "__name__", "lineno": 0, "funcName": null, "threadName": "MainThread"}}
{"timestamp": "2024-07-09 18:19:02", "level": "ERROR", "message": "This is an error message", "context": {"filename": "__name__", "lineno": 0, "funcName": null, "threadName": "MainThread"}}
{"timestamp": "2024-07-09 18:21:55", "level": "INFO", "message": "This is an info message", "context": {"filename": "loggings.log", "lineno": 0, "funcName": null, "threadName": "MainThread"}}
{"timestamp": "2024-07-09 18:21:55", "level": "ERROR", "message": "This is an error message", "context": {"filename": "loggings.log", "lineno": 0, "funcName": null, "threadName": "MainThread"}}
{"timestamp": "2024-07-09 18:23:09", "level": "INFO", "message": "This is an info message", "context": {"filename": "core.py", "lineno": 0, "funcName": null, "threadName": "MainThread"}}
{"timestamp": "2024-07-09 18:23:09", "level": "ERROR", "message": "This is an error message", "context": {"filename": "core.py", "lineno": 0, "funcName": null, "threadName": "MainThread"}}
{"timestamp": "2024-07-09 18:24:36", "level": "INFO", "message": "This is an info message", "context": {"filename": "core.py", "lineno": 0, "funcName": null, "threadName": "MainThread"}}
{"timestamp": "2024-07-09 18:24:36", "level": "ERROR", "message": "This is an error message", "context": {"filename": "core.py", "lineno": 0, "funcName": null, "threadName": "MainThread"}}
{"timestamp": "2024-07-09 18:38:50", "level": "INFO", "message": "This is an info message", "context": {"filename": "core.py", "lineno": 0, "funcName": null, "threadName": "MainThread"}}
{"timestamp": "2024-07-09 18:38:50", "level": "ERROR", "message": "This is an error message", "context": {"filename": "core.py", "lineno": 0, "funcName": null, "threadName": "MainThread"}}
{"timestamp": "2024-07-09 18:38:57", "level": "INFO", "message": "This is an info message", "context": {"filename": "core.py", "lineno": 0, "funcName": null, "threadName": "MainThread"}}
{"timestamp": "2024-07-09 18:38:57", "level": "ERROR", "message": "This is an error message", "context": {"filename": "core.py", "lineno": 0, "funcName": null, "threadName": "MainThread"}}
